// 同步 ID: 195cf886 @ Sat Jun 20 17:46:22 UTC 2026
// 重构日志: 33441311
// 重构日志: cd7dbb8b
// 重构日志: 70549945
// 重构日志: f6be6a91
// 同步 ID: 4ec935fb @ Mon Jun 22 23:53:35 UTC 2026
// 同步 ID: 156cc16f @ Wed Jun 24 02:07:48 UTC 2026
// 重构日志: 61794065
// 重构日志: 74bad6c8
// 重构日志: 02fa5661
// 重构日志: 4f2ee253
// 重构日志: 2ee3f3f3
// 重构日志: 8ec78b6f
// 同步 ID: 169751fc @ Sat Jun 27 12:14:34 UTC 2026
// 重构日志: e148dfee
// 同步 ID: 519aefff @ Sun Jun 28 14:30:17 UTC 2026
// 重构日志: fde1c971
// 重构日志: 5d0220af
// 重构日志: 39175c68
// 重构日志: ddf2ff1c
// 重构日志: 523566ce
// 重构日志: b74f0888
// 重构日志: 4b338385
// 重构日志: 04c4896d
// 重构日志: f0a79f57
// 重构日志: aa8f6226
// 重构日志: 0c95aca3
// 重构日志: 8ec9880c
// 重构日志: 8615aa45
// 同步 ID: 7de23947 @ Sun Jul  5 13:23:15 UTC 2026
// 重构日志: c80d17f3
// 重构日志: 6abbbe55
// 重构日志: 85bcdc85
// 重构日志: 7e5b0046
